[0m15:03:03.836732 [debug] [MainThread]: Sending event: {'category': 'dbt', 'action': 'invocation', 'label': 'start', 'context': [<snowplow_tracker.self_describing_json.SelfDescribingJson object at 0x000001D361F0DF00>, <snowplow_tracker.self_describing_json.SelfDescribingJson object at 0x000001D3631AE8C0>, <snowplow_tracker.self_describing_json.SelfDescribingJson object at 0x000001D3631AE6B0>]}


============================== 15:03:03.846400 | 93ab0e9b-d95f-4005-a13c-b71376499756 ==============================
[0m15:03:03.846400 [info ] [MainThread]: Running with dbt=1.10.6
[0m15:03:03.846400 [debug] [MainThread]: running dbt with arguments {'printer_width': '80', 'indirect_selection': 'eager', 'log_cache_events': 'False', 'write_json': 'True', 'partial_parse': 'True', 'cache_selected_only': 'False', 'warn_error': 'None', 'version_check': 'True', 'profiles_dir': 'C:\\Users\\POATAN\\.dbt', 'log_path': 'logs', 'debug': 'False', 'fail_fast': 'False', 'use_colors': 'True', 'use_experimental_parser': 'False', 'empty': 'None', 'quiet': 'False', 'no_print': 'None', 'warn_error_options': 'WarnErrorOptionsV2(error=[], warn=[], silence=[])', 'introspect': 'True', 'log_format': 'default', 'invocation_command': 'dbt init dbt_fiscal', 'target_path': 'None', 'static_parser': 'True', 'send_anonymous_usage_stats': 'True'}
[0m15:03:03.916375 [info ] [MainThread]: Creating dbt configuration folder at C:\Users\POATAN\.dbt
[0m15:03:03.920935 [info ] [MainThread]: A project called dbt_fiscal already exists here.
[0m15:03:03.923960 [debug] [MainThread]: Command `dbt init` succeeded at 15:03:03.922958 after 0.22 seconds
[0m15:03:03.924958 [debug] [MainThread]: Sending event: {'category': 'dbt', 'action': 'invocation', 'label': 'end', 'context': [<snowplow_tracker.self_describing_json.SelfDescribingJson object at 0x000001D361F0DF00>, <snowplow_tracker.self_describing_json.SelfDescribingJson object at 0x000001D3631AEEF0>, <snowplow_tracker.self_describing_json.SelfDescribingJson object at 0x000001D3631AFA60>]}
[0m15:03:03.926958 [debug] [MainThread]: Flushing usage events
[0m15:03:05.125008 [debug] [MainThread]: An error was encountered while trying to flush usage events
[0m15:45:19.008927 [debug] [MainThread]: Sending event: {'category': 'dbt', 'action': 'invocation', 'label': 'start', 'context': [<snowplow_tracker.self_describing_json.SelfDescribingJson object at 0x0000023CD70FE020>, <snowplow_tracker.self_describing_json.SelfDescribingJson object at 0x0000023CD9372CB0>, <snowplow_tracker.self_describing_json.SelfDescribingJson object at 0x0000023CD9372AD0>]}


============================== 15:45:19.014547 | f6404886-4ec4-408f-80dc-81aeff9fb9b6 ==============================
[0m15:45:19.014547 [info ] [MainThread]: Running with dbt=1.10.6
[0m15:45:19.014547 [debug] [MainThread]: running dbt with arguments {'printer_width': '80', 'indirect_selection': 'eager', 'log_cache_events': 'False', 'write_json': 'True', 'partial_parse': 'True', 'cache_selected_only': 'False', 'profiles_dir': 'C:\\Users\\POATAN\\.dbt', 'debug': 'False', 'version_check': 'True', 'log_path': 'logs', 'fail_fast': 'False', 'warn_error': 'None', 'use_colors': 'True', 'use_experimental_parser': 'False', 'no_print': 'None', 'quiet': 'False', 'empty': 'None', 'warn_error_options': 'WarnErrorOptionsV2(error=[], warn=[], silence=[])', 'invocation_command': 'dbt debug', 'static_parser': 'True', 'log_format': 'default', 'target_path': 'None', 'introspect': 'True', 'send_anonymous_usage_stats': 'True'}
[0m15:45:19.058997 [info ] [MainThread]: dbt version: 1.10.6
[0m15:45:19.061001 [info ] [MainThread]: python version: 3.10.10
[0m15:45:19.067324 [info ] [MainThread]: python path: C:\Users\POATAN\AppData\Local\Programs\Python\Python310\python.exe
[0m15:45:19.071695 [info ] [MainThread]: os info: Windows-10-10.0.22631-SP0
[0m15:45:19.208752 [info ] [MainThread]: Using profiles dir at C:\Users\POATAN\.dbt
[0m15:45:19.212153 [info ] [MainThread]: Using profiles.yml file at C:\Users\POATAN\.dbt\profiles.yml
[0m15:45:19.214492 [info ] [MainThread]: Using dbt_project.yml file at C:\Users\POATAN\Desktop\détection d’anomalies dans les données d’impôts\dbt_project.yml
[0m15:45:19.217009 [info ] [MainThread]: adapter type: postgres
[0m15:45:19.218012 [info ] [MainThread]: adapter version: 1.9.0
[0m15:45:19.219010 [info ] [MainThread]: Configuration:
[0m15:45:19.220014 [info ] [MainThread]:   profiles.yml file [[32mOK found and valid[0m]
[0m15:45:19.221009 [info ] [MainThread]:   dbt_project.yml file [[31mERROR not found[0m]
[0m15:45:19.222011 [info ] [MainThread]: Required dependencies:
[0m15:45:19.223011 [debug] [MainThread]: Executing "git --help"
[0m15:45:19.330650 [debug] [MainThread]: STDOUT: "b"usage: git [-v | --version] [-h | --help] [-C <path>] [-c <name>=<value>]\n           [--exec-path[=<path>]] [--html-path] [--man-path] [--info-path]\n           [-p | --paginate | -P | --no-pager] [--no-replace-objects] [--no-lazy-fetch]\n           [--no-optional-locks] [--no-advice] [--bare] [--git-dir=<path>]\n           [--work-tree=<path>] [--namespace=<name>] [--config-env=<name>=<envvar>]\n           <command> [<args>]\n\nThese are common Git commands used in various situations:\n\nstart a working area (see also: git help tutorial)\n   clone      Clone a repository into a new directory\n   init       Create an empty Git repository or reinitialize an existing one\n\nwork on the current change (see also: git help everyday)\n   add        Add file contents to the index\n   mv         Move or rename a file, a directory, or a symlink\n   restore    Restore working tree files\n   rm         Remove files from the working tree and from the index\n\nexamine the history and state (see also: git help revisions)\n   bisect     Use binary search to find the commit that introduced a bug\n   diff       Show changes between commits, commit and working tree, etc\n   grep       Print lines matching a pattern\n   log        Show commit logs\n   show       Show various types of objects\n   status     Show the working tree status\n\ngrow, mark and tweak your common history\n   backfill   Download missing objects in a partial clone\n   branch     List, create, or delete branches\n   commit     Record changes to the repository\n   merge      Join two or more development histories together\n   rebase     Reapply commits on top of another base tip\n   reset      Reset current HEAD to the specified state\n   switch     Switch branches\n   tag        Create, list, delete or verify a tag object signed with GPG\n\ncollaborate (see also: git help workflows)\n   fetch      Download objects and refs from another repository\n   pull       Fetch from and integrate with another repository or a local branch\n   push       Update remote refs along with associated objects\n\n'git help -a' and 'git help -g' list available subcommands and some\nconcept guides. See 'git help <command>' or 'git help <concept>'\nto read about a specific subcommand or concept.\nSee 'git help git' for an overview of the system.\n""
[0m15:45:19.332793 [debug] [MainThread]: STDERR: "b''"
[0m15:45:19.334607 [info ] [MainThread]:  - git [[32mOK found[0m]

[0m15:45:19.335819 [info ] [MainThread]: Connection:
[0m15:45:19.336876 [info ] [MainThread]:   host: localhost
[0m15:45:19.337972 [info ] [MainThread]:   port: 5432
[0m15:45:19.338983 [info ] [MainThread]:   user: postgres
[0m15:45:19.342689 [info ] [MainThread]:   database: fiscal_db
[0m15:45:19.345299 [info ] [MainThread]:   schema: public
[0m15:45:19.347048 [info ] [MainThread]:   connect_timeout: 10
[0m15:45:19.348723 [info ] [MainThread]:   role: None
[0m15:45:19.355866 [info ] [MainThread]:   search_path: None
[0m15:45:19.357732 [info ] [MainThread]:   keepalives_idle: 0
[0m15:45:19.359598 [info ] [MainThread]:   sslmode: None
[0m15:45:19.361386 [info ] [MainThread]:   sslcert: None
[0m15:45:19.362941 [info ] [MainThread]:   sslkey: None
[0m15:45:19.363940 [info ] [MainThread]:   sslrootcert: None
[0m15:45:19.366606 [info ] [MainThread]:   application_name: dbt
[0m15:45:19.368617 [info ] [MainThread]:   retries: 1
[0m15:45:19.370622 [info ] [MainThread]: Registered adapter: postgres=1.9.0
[0m15:45:20.024499 [debug] [MainThread]: Acquiring new postgres connection 'debug'
[0m15:45:20.140441 [debug] [MainThread]: Using postgres connection "debug"
[0m15:45:20.140441 [debug] [MainThread]: On debug: select 1 as id
[0m15:45:20.140441 [debug] [MainThread]: Opening a new connection, currently in state init
[0m15:45:20.192045 [debug] [MainThread]: SQL status: SELECT 1 in 0.048 seconds
[0m15:45:20.192045 [debug] [MainThread]: On debug: Close
[0m15:45:20.192045 [info ] [MainThread]:   Connection test: [[32mOK connection ok[0m]

[0m15:45:20.198329 [info ] [MainThread]: [31m1 check failed:[0m
[0m15:45:20.198329 [info ] [MainThread]: Project loading failed for the following reason:
 project path <C:\Users\POATAN\Desktop\détection d’anomalies dans les données d’impôts\dbt_project.yml> not found

[0m15:45:20.205010 [debug] [MainThread]: Command `dbt debug` failed at 15:45:20.203995 after 1.33 seconds
[0m15:45:20.206006 [debug] [MainThread]: Connection 'debug' was properly closed.
[0m15:45:20.208010 [debug] [MainThread]: Sending event: {'category': 'dbt', 'action': 'invocation', 'label': 'end', 'context': [<snowplow_tracker.self_describing_json.SelfDescribingJson object at 0x0000023CD70FE020>, <snowplow_tracker.self_describing_json.SelfDescribingJson object at 0x0000023CD94DBF40>, <snowplow_tracker.self_describing_json.SelfDescribingJson object at 0x0000023CD94D8AC0>]}
[0m15:45:20.210011 [debug] [MainThread]: Flushing usage events
[0m15:45:21.300889 [debug] [MainThread]: An error was encountered while trying to flush usage events
